Building documentation...
Initializing...
Merging XML documentation...
Building file mapping...
Loading XSLT files...
    namespace.xslt
    namespacehierarchy.xslt
    type.xslt
    typehierarchy.xslt
    allmembers.xslt
    individualmembers.xslt
    event.xslt
    member.xslt
    memberoverload.xslt
    property.xslt
    field.xslt
    htmlcontents.xslt
Generating HTML pages...
DCPlusPlus.html
DCPlusPlusHierarchy.html
DCPlusPlus.Client.html
DCPlusPlus.ClientMembers.html
DCPlusPlus.ClientConstructor.html
DCPlusPlus.ClientFields.html
DCPlusPlus.Client.connected_hubs.html
DCPlusPlus.Client.connection_mode.html
DCPlusPlus.Client.connection_speed.html
DCPlusPlus.Client.download_queue.html
DCPlusPlus.Client.email.html
DCPlusPlus.Client.local_peer.html
DCPlusPlus.Client.name.html
DCPlusPlus.Client.nick.html
DCPlusPlus.Client.peers.html
DCPlusPlus.Client.search_results.html
DCPlusPlus.Client.share_size.html
DCPlusPlus.Client.tag_version.html
DCPlusPlus.Client.version.html
DCPlusPlus.ClientProperties.html
DCPlusPlus.Client.ConnectedHubs.html
DCPlusPlus.Client.ConnectionMode.html
DCPlusPlus.Client.ConnectionSpeed.html
DCPlusPlus.Client.DownloadQueue.html
DCPlusPlus.Client.Email.html
DCPlusPlus.Client.LocalPeer.html
DCPlusPlus.Client.Name.html
DCPlusPlus.Client.Nick.html
DCPlusPlus.Client.Peers.html
DCPlusPlus.Client.SearchResults.html
DCPlusPlus.Client.ShareSize.html
DCPlusPlus.Client.TagVersion.html
DCPlusPlus.Client.Version.html
DCPlusPlus.ClientMethods.html
DCPlusPlus.Client.ConnectHub.html
DCPlusPlus.Client.DisconnectHub.html
DCPlusPlus.Client.DownloadSearchResult.html
DCPlusPlus.Client.FindAlternateSources.html
DCPlusPlus.Client.FindUserHub.html
DCPlusPlus.Client.Search_overloads.html
DCPlusPlus.Client.Search_overload_1.html
DCPlusPlus.Client.Search_overload_3.html
DCPlusPlus.Client.Search_overload_2.html
DCPlusPlus.Client.StartDownload_overloads.html
DCPlusPlus.Client.StartDownload_overload_2.html
DCPlusPlus.Client.StartDownload_overload_1.html
DCPlusPlus.Client.UpdateConnectionSettings.html
DCPlusPlus.ClientEvents.html
DCPlusPlus.Client.DownloadStarted.html
DCPlusPlus.Client.HubConnected.html
DCPlusPlus.Client.HubDisconnected.html
DCPlusPlus.Client.HubError.html
DCPlusPlus.Client.HubLoggedIn.html
DCPlusPlus.Client.HubUserJoined.html
DCPlusPlus.Client.HubUserQuit.html
DCPlusPlus.Client.PeerCompleted.html
DCPlusPlus.Client.PeerConnected.html
DCPlusPlus.Client.PeerDataReceived.html
DCPlusPlus.Client.PeerDisconnected.html
DCPlusPlus.Client.PeerHandShakeCompleted.html
DCPlusPlus.Client.DownloadStartedEventHandler.html
DCPlusPlus.Client.HubConnectedEventHandler.html
DCPlusPlus.Client.HubDisconnectedEventHandler.html
DCPlusPlus.Client.HubErrorEventHandler.html
DCPlusPlus.Client.HubLoggedInEventHandler.html
DCPlusPlus.Client.HubUserJoinedEventHandler.html
DCPlusPlus.Client.HubUserQuitEventHandler.html
DCPlusPlus.Client.PeerCompletedEventHandler.html
DCPlusPlus.Client.PeerConnectedEventHandler.html
DCPlusPlus.Client.PeerDataReceivedEventHandler.html
DCPlusPlus.Client.PeerDisconnectedEventHandler.html
DCPlusPlus.Client.PeerHandShakeCompletedEventHandler.html
DCPlusPlus.Connection.html
DCPlusPlus.ConnectionMembers.html
DCPlusPlus.ConnectionConstructor.html
DCPlusPlus.ConnectionFields.html
DCPlusPlus.Connection.is_extended_protocol.html
DCPlusPlus.Connection.nick.html
DCPlusPlus.Connection.receive_buffer.html
DCPlusPlus.Connection.socket.html
DCPlusPlus.ConnectionProperties.html
DCPlusPlus.Connection.IsExtendedProtocol.html
DCPlusPlus.Connection.Nick.html
DCPlusPlus.ConnectionMethods.html
DCPlusPlus.Connection.CreateKey.html
DCPlusPlus.Connection.LockToKey.html
DCPlusPlus.Connection.LockToKey2.html
DCPlusPlus.Connection.SendCommand_overloads.html
DCPlusPlus.Connection.SendCommand_overload_1.html
DCPlusPlus.Connection.SendCommand_overload_2.html
DCPlusPlus.Connection.SendCommand_overload_3.html
DCPlusPlus.ExternalIP.html
DCPlusPlus.ExternalIPMembers.html
DCPlusPlus.ExternalIPConstructor.html
DCPlusPlus.ExternalIPFields.html
DCPlusPlus.ExternalIP.busy.html
DCPlusPlus.ExternalIP.my_ip.html
DCPlusPlus.ExternalIPProperties.html
DCPlusPlus.ExternalIP.IsBusy.html
DCPlusPlus.ExternalIP.MyIP.html
DCPlusPlus.ExternalIPMethods.html
DCPlusPlus.ExternalIP.AbortFetch.html
DCPlusPlus.ExternalIP.FetchIP.html
DCPlusPlus.ExternalIP.TestResolve.html
DCPlusPlus.ExternalIPEvents.html
DCPlusPlus.ExternalIP.Completed.html
DCPlusPlus.ExternalIP.Error.html
DCPlusPlus.ExternalIP.ProgressChanged.html
DCPlusPlus.ExternalIP.CompletedEventHandler.html
DCPlusPlus.ExternalIP.ErrorEventHandler.html
DCPlusPlus.ExternalIP.ProgressChangedEventHandler.html
DCPlusPlus.Hub.html
DCPlusPlus.HubMembers.html
DCPlusPlus.HubConstructor.html
DCPlusPlus.HubFields.html
DCPlusPlus.Hub.address.html
DCPlusPlus.Hub.auto_reconnect.html
DCPlusPlus.Hub.country.html
DCPlusPlus.Hub.description.html
DCPlusPlus.Hub.ip.html
DCPlusPlus.Hub.is_connected.html
DCPlusPlus.Hub.is_grabbed.html
DCPlusPlus.Hub.is_logged_in.html
DCPlusPlus.Hub.max_hubs.html
DCPlusPlus.Hub.max_users.html
DCPlusPlus.Hub.min_share.html
DCPlusPlus.Hub.min_slots.html
DCPlusPlus.Hub.my_connection_mode.html
DCPlusPlus.Hub.my_connection_speed.html
DCPlusPlus.Hub.my_email.html
DCPlusPlus.Hub.my_ip.html
DCPlusPlus.Hub.my_name.html
DCPlusPlus.Hub.my_share_size.html
DCPlusPlus.Hub.my_tag_version.html
DCPlusPlus.Hub.my_tcp_port.html
DCPlusPlus.Hub.my_udp_port.html
DCPlusPlus.Hub.my_version.html
DCPlusPlus.Hub.name.html
DCPlusPlus.Hub.op_list.html
DCPlusPlus.Hub.port.html
DCPlusPlus.Hub.shared.html
DCPlusPlus.Hub.topic.html
DCPlusPlus.Hub.user_list.html
DCPlusPlus.Hub.users.html
DCPlusPlus.HubProperties.html
DCPlusPlus.Hub.Address.html
DCPlusPlus.Hub.AutoReconnect.html
DCPlusPlus.Hub.Country.html
DCPlusPlus.Hub.Description.html
DCPlusPlus.Hub.IP.html
DCPlusPlus.Hub.IsConnected.html
DCPlusPlus.Hub.IsGrabbedByClient.html
DCPlusPlus.Hub.IsLoggedIn.html
DCPlusPlus.Hub.MaxHubs.html
DCPlusPlus.Hub.MaxUsers.html
DCPlusPlus.Hub.MinShare.html
DCPlusPlus.Hub.MinSlots.html
DCPlusPlus.Hub.MyConnectionMode.html
DCPlusPlus.Hub.MyConnectionSpeed.html
DCPlusPlus.Hub.MyEmail.html
DCPlusPlus.Hub.MyIP.html
DCPlusPlus.Hub.MyName.html
DCPlusPlus.Hub.MyShareSize.html
DCPlusPlus.Hub.MyTagVersion.html
DCPlusPlus.Hub.MyTcpPort.html
DCPlusPlus.Hub.MyUdpPort.html
DCPlusPlus.Hub.MyVersion.html
DCPlusPlus.Hub.Name.html
DCPlusPlus.Hub.OperatorList.html
DCPlusPlus.Hub.Port.html
DCPlusPlus.Hub.Shared.html
DCPlusPlus.Hub.Topic.html
DCPlusPlus.Hub.UserList.html
DCPlusPlus.Hub.Users.html
DCPlusPlus.HubMethods.html
DCPlusPlus.Hub.Connect.html
DCPlusPlus.Hub.Disconnect.html
DCPlusPlus.Hub.GetUserInfo.html
DCPlusPlus.Hub.Reconnect.html
DCPlusPlus.Hub.Search_overloads.html
DCPlusPlus.Hub.Search_overload_1.html
DCPlusPlus.Hub.Search_overload_2.html
DCPlusPlus.Hub.SendChatMessage_overloads.html
DCPlusPlus.Hub.SendChatMessage_overload_1.html
DCPlusPlus.Hub.SendChatMessage_overload_2.html
DCPlusPlus.Hub.SendChatMessage_overload_3.html
DCPlusPlus.Hub.SendConnectToMe.html
DCPlusPlus.Hub.SendMyInfo.html
DCPlusPlus.HubEvents.html
DCPlusPlus.Hub.Connected.html
DCPlusPlus.Hub.Disconnected.html
DCPlusPlus.Hub.Error.html
DCPlusPlus.Hub.LoggedIn.html
DCPlusPlus.Hub.SearchResultReceived.html
DCPlusPlus.Hub.UserJoined.html
DCPlusPlus.Hub.UserQuit.html
DCPlusPlus.Hub.ConnectedEventHandler.html
DCPlusPlus.Hub.ConnectionMode.html
DCPlusPlus.Hub.ConnectionSpeed.html
DCPlusPlus.Hub.DisconnectedEventHandler.html
DCPlusPlus.Hub.ErrorCodes.html
DCPlusPlus.Hub.ErrorEventHandler.html
DCPlusPlus.Hub.LoggedInEventHandler.html
DCPlusPlus.Hub.SearchFileType.html
DCPlusPlus.Hub.SearchResultEventHandler.html
DCPlusPlus.Hub.UserJoinedEventHandler.html
DCPlusPlus.Hub.UserQuitEventHandler.html
DCPlusPlus.HubList.html
DCPlusPlus.HubListMembers.html
DCPlusPlus.HubListConstructor.html
DCPlusPlus.HubListConstructor1.html
DCPlusPlus.HubListConstructor2.html
DCPlusPlus.HubListFields.html
DCPlusPlus.HubList.address.html
DCPlusPlus.HubList.busy.html
DCPlusPlus.HubList.columns.html
DCPlusPlus.HubList.hubs.html
DCPlusPlus.HubList.name.html
DCPlusPlus.HubList.url.html
DCPlusPlus.HubListProperties.html
DCPlusPlus.HubList.Address.html
DCPlusPlus.HubList.Columns.html
DCPlusPlus.HubList.Hubs.html
DCPlusPlus.HubList.IsBusy.html
DCPlusPlus.HubList.Name.html
DCPlusPlus.HubList.Url.html
DCPlusPlus.HubListMethods.html
DCPlusPlus.HubList.AbortFetch.html
DCPlusPlus.HubList.FetchHubs_overloads.html
DCPlusPlus.HubList.FetchHubs_overload_1.html
DCPlusPlus.HubList.FetchHubs_overload_2.html
DCPlusPlus.HubList.ReadXmlString.html
DCPlusPlus.HubList.TestDownload.html
DCPlusPlus.HubListEvents.html
DCPlusPlus.HubList.Completed.html
DCPlusPlus.HubList.Error.html
DCPlusPlus.HubList.ProgressChanged.html
DCPlusPlus.HubList.Column.html
DCPlusPlus.HubList.ColumnMembers.html
DCPlusPlus.HubList.ColumnConstructor.html
DCPlusPlus.HubList.ColumnFields.html
DCPlusPlus.HubList.Column.name.html
DCPlusPlus.HubList.Column.type.html
DCPlusPlus.HubList.ColumnProperties.html
DCPlusPlus.HubList.Column.Name.html
DCPlusPlus.HubList.Column.Type.html
DCPlusPlus.HubList.CompletedEventHandler.html
DCPlusPlus.HubList.ErrorEventHandler.html
DCPlusPlus.HubList.ProgressChangedEventHandler.html
DCPlusPlus.ListeningSockets.html
DCPlusPlus.ListeningSocketsMembers.html
DCPlusPlus.ListeningSocketsConstructor.html
DCPlusPlus.ListeningSocketsFields.html
DCPlusPlus.ListeningSockets.external_ip.html
DCPlusPlus.ListeningSockets.ip.html
DCPlusPlus.ListeningSockets.listening.html
DCPlusPlus.ListeningSockets.max_tcp_connections.html
DCPlusPlus.ListeningSockets.max_udp_connections.html
DCPlusPlus.ListeningSockets.tcp_port.html
DCPlusPlus.ListeningSockets.udp_port.html
DCPlusPlus.ListeningSocketsProperties.html
DCPlusPlus.ListeningSockets.ExternalIP.html
DCPlusPlus.ListeningSockets.IP.html
DCPlusPlus.ListeningSockets.IsListening.html
DCPlusPlus.ListeningSockets.MaxConnections.html
DCPlusPlus.ListeningSockets.MaxTcpConnections.html
DCPlusPlus.ListeningSockets.MaxUdpConnections.html
DCPlusPlus.ListeningSockets.TcpPort.html
DCPlusPlus.ListeningSockets.UdpPort.html
DCPlusPlus.ListeningSocketsMethods.html
DCPlusPlus.ListeningSockets.Finalize.html
DCPlusPlus.ListeningSockets.UpdateConnectionSettings.html
DCPlusPlus.ListeningSocketsEvents.html
DCPlusPlus.ListeningSockets.PeerConnected.html
DCPlusPlus.ListeningSockets.SearchResultReceived.html
DCPlusPlus.ListeningSockets.PeerConnectedEventHandler.html
DCPlusPlus.ListeningSockets.SearchResultEventHandler.html
DCPlusPlus.Peer.html
DCPlusPlus.PeerMembers.html
DCPlusPlus.PeerConstructor.html
DCPlusPlus.PeerConstructor1.html
DCPlusPlus.PeerConstructor2.html
DCPlusPlus.PeerFields.html
DCPlusPlus.Peer.bytes_downloaded.html
DCPlusPlus.Peer.filelength.html
DCPlusPlus.Peer.filename.html
DCPlusPlus.Peer.is_transfering.html
DCPlusPlus.Peer.output_filename.html
DCPlusPlus.Peer.peer_nick.html
DCPlusPlus.Peer.speed.html
DCPlusPlus.PeerProperties.html
DCPlusPlus.Peer.BytesDownloaded.html
DCPlusPlus.Peer.FileLength.html
DCPlusPlus.Peer.Filename.html
DCPlusPlus.Peer.IsTransfering.html
DCPlusPlus.Peer.OutputFilename.html
DCPlusPlus.Peer.PeerNick.html
DCPlusPlus.Peer.Speed.html
DCPlusPlus.PeerMethods.html
DCPlusPlus.Peer.ConnectTo.html
DCPlusPlus.Peer.Disconnect.html
DCPlusPlus.Peer.StartDownload.html
DCPlusPlus.Peer.StartHandShake.html
DCPlusPlus.PeerEvents.html
DCPlusPlus.Peer.Completed.html
DCPlusPlus.Peer.DataReceived.html
DCPlusPlus.Peer.Disconnected.html
DCPlusPlus.Peer.HandShakeCompleted.html
DCPlusPlus.Peer.CompletedEventHandler.html
DCPlusPlus.Peer.DataReceivedEventHandler.html
DCPlusPlus.Peer.DisconnectedEventHandler.html
DCPlusPlus.Peer.HandShakeCompletedEventHandler.html
DCPlusPlus.Queue.html
DCPlusPlus.QueueMembers.html
DCPlusPlus.QueueConstructor.html
DCPlusPlus.QueueFields.html
DCPlusPlus.Queue.download_directory.html
DCPlusPlus.Queue.items.html
DCPlusPlus.QueueProperties.html
DCPlusPlus.Queue.Count.html
DCPlusPlus.Queue.DownloadDirectory.html
DCPlusPlus.Queue.IsReadOnly.html
DCPlusPlus.Queue.Items.html
DCPlusPlus.QueueMethods.html
DCPlusPlus.Queue.Add.html
DCPlusPlus.Queue.AddSearchResult.html
DCPlusPlus.Queue.Clear.html
DCPlusPlus.Queue.Contains.html
DCPlusPlus.Queue.CopyTo.html
DCPlusPlus.Queue.FindExistingEntryForSearchResult.html
DCPlusPlus.Queue.FindFirstQueueEntryBySourceUser.html
DCPlusPlus.Queue.FindFirstUnusedQueueEntryBySourceUser.html
DCPlusPlus.Queue.FindQueueEntryByOutputFilename.html
DCPlusPlus.Queue.GetEnumerator.html
DCPlusPlus.Queue.LoadQueueFromXml.html
DCPlusPlus.Queue.LoadQueueFromXmlFile.html
DCPlusPlus.Queue.Remove_overloads.html
DCPlusPlus.Queue.Remove_overload_2.html
DCPlusPlus.Queue.Remove_overload_1.html
DCPlusPlus.Queue.SaveQueueToXml.html
DCPlusPlus.Queue.SaveQueueToXmlFile.html
DCPlusPlus.Queue.UpdateSourcesByUsername.html
DCPlusPlus.QueueEvents.html
DCPlusPlus.Queue.EntriesChanged.html
DCPlusPlus.Queue.EntriesCleared.html
DCPlusPlus.Queue.EntryAdded.html
DCPlusPlus.Queue.EntryCompleted.html
DCPlusPlus.Queue.EntryRemoved.html
DCPlusPlus.Queue.EntriesChangedEventHandler.html
DCPlusPlus.Queue.EntriesClearedEventHandler.html
DCPlusPlus.Queue.EntryAddedEventHandler.html
DCPlusPlus.Queue.EntryCompletedEventHandler.html
DCPlusPlus.Queue.EntryRemovedEventHandler.html
DCPlusPlus.Queue.QueueEntry.html
DCPlusPlus.Queue.QueueEntryMembers.html
DCPlusPlus.Queue.QueueEntryConstructor.html
DCPlusPlus.Queue.QueueEntryFields.html
DCPlusPlus.Queue.QueueEntry.download_priority.html
DCPlusPlus.Queue.QueueEntry.filesize.html
DCPlusPlus.Queue.QueueEntry.is_in_use.html
DCPlusPlus.Queue.QueueEntry.output_filename.html
DCPlusPlus.Queue.QueueEntry.sources.html
DCPlusPlus.Queue.QueueEntry.tth.html
DCPlusPlus.Queue.QueueEntryProperties.html
DCPlusPlus.Queue.QueueEntry.DownloadPriority.html
DCPlusPlus.Queue.QueueEntry.Filesize.html
DCPlusPlus.Queue.QueueEntry.HasTTH.html
DCPlusPlus.Queue.QueueEntry.IsInUse.html
DCPlusPlus.Queue.QueueEntry.OutputFilename.html
DCPlusPlus.Queue.QueueEntry.Sources.html
DCPlusPlus.Queue.QueueEntry.TTH.html
DCPlusPlus.Queue.QueueEntryMethods.html
DCPlusPlus.Queue.QueueEntry.AddSource.html
DCPlusPlus.Queue.QueueEntry.FindFirstSourceByUser.html
DCPlusPlus.Queue.QueueEntry.RemoveSource.html
DCPlusPlus.Queue.QueueEntry.Priority.html
DCPlusPlus.Queue.QueueEntry.Source.html
DCPlusPlus.Queue.QueueEntry.SourceMembers.html
DCPlusPlus.Queue.QueueEntry.SourceConstructor.html
DCPlusPlus.Queue.QueueEntry.SourceConstructor1.html
DCPlusPlus.Queue.QueueEntry.SourceConstructor2.html
DCPlusPlus.Queue.QueueEntry.SourceConstructor3.html
DCPlusPlus.Queue.QueueEntry.SourceFields.html
DCPlusPlus.Queue.QueueEntry.Source.filename.html
DCPlusPlus.Queue.QueueEntry.Source.hub.html
DCPlusPlus.Queue.QueueEntry.Source.is_online.html
DCPlusPlus.Queue.QueueEntry.Source.user_name.html
DCPlusPlus.Queue.QueueEntry.SourceProperties.html
DCPlusPlus.Queue.QueueEntry.Source.Filename.html
DCPlusPlus.Queue.QueueEntry.Source.HasHub.html
DCPlusPlus.Queue.QueueEntry.Source.Hub.html
DCPlusPlus.Queue.QueueEntry.Source.IsOnline.html
DCPlusPlus.Queue.QueueEntry.Source.UserName.html
DCPlusPlus.Queue.QueueEnumerator.html
DCPlusPlus.Queue.QueueEnumeratorMembers.html
DCPlusPlus.Queue.QueueEnumeratorConstructor.html
DCPlusPlus.Queue.QueueEnumeratorProperties.html
DCPlusPlus.Queue.QueueEnumerator.Current.html
DCPlusPlus.Queue.QueueEnumeratorMethods.html
DCPlusPlus.Queue.QueueEnumerator.MoveNext.html
DCPlusPlus.Queue.QueueEnumerator.Reset.html
DCPlusPlus.Queue.QueueEnumerator2.html
DCPlusPlus.Queue.QueueEnumerator2Members.html
DCPlusPlus.Queue.QueueEnumerator2Constructor.html
DCPlusPlus.Queue.QueueEnumerator2Properties.html
DCPlusPlus.Queue.QueueEnumerator2.Current.html
DCPlusPlus.Queue.QueueEnumerator2Methods.html
DCPlusPlus.Queue.QueueEnumerator2.Dispose.html
DCPlusPlus.Queue.QueueEnumerator2.MoveNext.html
DCPlusPlus.Queue.QueueEnumerator2.Reset.html
DCPlusPlus.SearchResults.html
DCPlusPlus.SearchResultsMembers.html
DCPlusPlus.SearchResultsConstructor.html
DCPlusPlus.SearchResultsFields.html
DCPlusPlus.SearchResults.discard_old_results.html
DCPlusPlus.SearchResults.results.html
DCPlusPlus.SearchResults.search_term.html
DCPlusPlus.SearchResultsProperties.html
DCPlusPlus.SearchResults.DiscardOldResults.html
DCPlusPlus.SearchResults.Results.html
DCPlusPlus.SearchResults.SearchTerm.html
DCPlusPlus.SearchResultsMethods.html
DCPlusPlus.SearchResults.AddResult.html
DCPlusPlus.SearchResults.ClearResults.html
DCPlusPlus.SearchResultsEvents.html
DCPlusPlus.SearchResults.ResultAdded.html
DCPlusPlus.SearchResults.ResultsChanged.html
DCPlusPlus.SearchResults.ResultsCleared.html
DCPlusPlus.SearchResults.ResultAddedEventHandler.html
DCPlusPlus.SearchResults.ResultsChangedEventHandler.html
DCPlusPlus.SearchResults.ResultsClearedEventHandler.html
DCPlusPlus.SearchResults.SearchResult.html
DCPlusPlus.SearchResults.SearchResultMembers.html
DCPlusPlus.SearchResults.SearchResultConstructor.html
DCPlusPlus.SearchResults.SearchResultConstructor1.html
DCPlusPlus.SearchResults.SearchResultConstructor2.html
DCPlusPlus.SearchResults.SearchResultFields.html
DCPlusPlus.SearchResults.SearchResult.directory.html
DCPlusPlus.SearchResults.SearchResult.file_extension.html
DCPlusPlus.SearchResults.SearchResult.filename.html
DCPlusPlus.SearchResults.SearchResult.filesize.html
DCPlusPlus.SearchResults.SearchResult.free_slots.html
DCPlusPlus.SearchResults.SearchResult.has_tth.html
DCPlusPlus.SearchResults.SearchResult.hub.html
DCPlusPlus.SearchResults.SearchResult.hub_address.html
DCPlusPlus.SearchResults.SearchResult.hub_name.html
DCPlusPlus.SearchResults.SearchResult.is_directory.html
DCPlusPlus.SearchResults.SearchResult.is_hub_resolved.html
DCPlusPlus.SearchResults.SearchResult.result_line.html
DCPlusPlus.SearchResults.SearchResult.total_slots.html
DCPlusPlus.SearchResults.SearchResult.tth.html
DCPlusPlus.SearchResults.SearchResult.user_name.html
DCPlusPlus.SearchResults.SearchResultProperties.html
DCPlusPlus.SearchResults.SearchResult.Directory.html
DCPlusPlus.SearchResults.SearchResult.FileExtension.html
DCPlusPlus.SearchResults.SearchResult.Filename.html
DCPlusPlus.SearchResults.SearchResult.Filesize.html
DCPlusPlus.SearchResults.SearchResult.FreeSlots.html
DCPlusPlus.SearchResults.SearchResult.HasTTH.html
DCPlusPlus.SearchResults.SearchResult.Hub.html
DCPlusPlus.SearchResults.SearchResult.HubAddress.html
DCPlusPlus.SearchResults.SearchResult.HubName.html
DCPlusPlus.SearchResults.SearchResult.IsDirectory.html
DCPlusPlus.SearchResults.SearchResult.IsFile.html
DCPlusPlus.SearchResults.SearchResult.IsHubResolved.html
DCPlusPlus.SearchResults.SearchResult.ResultLine.html
DCPlusPlus.SearchResults.SearchResult.TotalSlots.html
DCPlusPlus.SearchResults.SearchResult.TTH.html
DCPlusPlus.SearchResults.SearchResult.UserName.html
Generating HTML content file...
transform the HHC contents file into html
Done.
